Eliminando usuario: MUÑOZ PALACIOS, HUGO
Patinete perdido: 051405E
Patinete perdido: DT TOGO PLUS 12
Eliminando usuario: Alberto
Eliminando usuario: Carlos
Eliminando usuario: Alberto
Eliminando usuario: Carlos
Eliminando usuario: MUÑOZ PALACIOS, HUGO
Eliminando usuario: MUÑOZ PALACIOS, HUGO
Eliminando usuario: MUÑOZ PALACIOS, HUGO
Patinete perdido: 051405E
Patinete perdido: DT TOGO PLUS 12
Eliminando usuario: MUÑOZ PALACIOS, HUGO
Eliminando usuario: MUÑOZ PALACIOS, HUGO
Patinete perdido: 051405E
Patinete perdido: DT TOGO PLUS 12
Eliminando usuario: MUÑOZ PALACIOS, HUGO
Patinete perdido: 051405E
Patinete perdido: DT TOGO PLUS 12
Eliminando usuario: MUÑOZ PALACIOS, HUGO
Patinete perdido: 051405E
Patinete perdido: DT TOGO PLUS 12
Eliminando usuario: MUÑOZ PALACIOS, HUGO
Patinete perdido: 051405E
Patinete perdido: DT TOGO PLUS 12
